\BOOKMARK [1][-]{section.1}{Introduction}{}% 1
\BOOKMARK [2][-]{subsection.1.1}{The Engine}{section.1}% 2
\BOOKMARK [2][-]{subsection.1.2}{Damage}{section.1}% 3
\BOOKMARK [2][-]{subsection.1.3}{Artificial Intelligence}{section.1}% 4
\BOOKMARK [2][-]{subsection.1.4}{Motivation}{section.1}% 5
\BOOKMARK [1][-]{section.2}{Data}{}% 6
\BOOKMARK [2][-]{subsection.2.1}{EHM Data}{section.2}% 7
\BOOKMARK [2][-]{subsection.2.2}{Parameters of Interest}{section.2}% 8
\BOOKMARK [2][-]{subsection.2.3}{Flight Phases}{section.2}% 9
\BOOKMARK [2][-]{subsection.2.4}{Description}{section.2}% 10
\BOOKMARK [2][-]{subsection.2.5}{Output}{section.2}% 11
\BOOKMARK [3][-]{subsubsection.2.5.1}{Cycle Counter}{subsection.2.5}% 12
\BOOKMARK [2][-]{subsection.2.6}{Visualisation}{section.2}% 13
\BOOKMARK [2][-]{subsection.2.7}{Downsampling}{section.2}% 14
\BOOKMARK [3][-]{subsubsection.2.7.1}{\(A\)PLA}{subsection.2.7}% 15
\BOOKMARK [3][-]{subsubsection.2.7.2}{APCA}{subsection.2.7}% 16
\BOOKMARK [2][-]{subsection.2.8}{Case Studies}{section.2}% 17
\BOOKMARK [3][-]{subsubsection.2.8.1}{6014: Stress Ranges}{subsection.2.8}% 18
\BOOKMARK [3][-]{subsubsection.2.8.2}{6079: Long Taxi}{subsection.2.8}% 19
\BOOKMARK [1][-]{section*.4}{References}{}% 20
